0 info it worked if it ends with ok
1 verbose cli [ '/usr/local/Cellar/node/6.2.0/bin/node',
1 verbose cli   '/usr/local/bin/npm',
1 verbose cli   'start' ]
2 info using npm@3.8.9
3 info using node@v6.2.0
4 verbose run-script [ 'prestart', 'start', 'poststart' ]
5 info lifecycle innsbruck-blog@0.4.3~prestart: innsbruck-blog@0.4.3
6 silly lifecycle innsbruck-blog@0.4.3~prestart: no script for prestart, continuing
7 info lifecycle innsbruck-blog@0.4.3~start: innsbruck-blog@0.4.3
8 verbose lifecycle innsbruck-blog@0.4.3~start: unsafe-perm in lifecycle true
9 verbose lifecycle innsbruck-blog@0.4.3~start: PATH: /usr/local/lib/node_modules/npm/bin/node-gyp-bin:/Users/zhangxinyu/Codes/innsbruck/node_modules/.bin:/usr/local/Cellar/node/6.2.0/bin:/Users/zhangxinyu/.rvm/gems/ruby-2.3.0/bin:/Users/zhangxinyu/.rvm/gems/ruby-2.3.0@global/bin:/Users/zhangxinyu/.rvm/rubies/ruby-2.3.0/bin:/usr/local/bin:/usr/bin:/bin:/usr/sbin:/sbin:/Users/zhangxinyu/.rvm/bin
10 verbose lifecycle innsbruck-blog@0.4.3~start: CWD: /Users/zhangxinyu/Codes/innsbruck
11 silly lifecycle innsbruck-blog@0.4.3~start: Args: [ '-c',
11 silly lifecycle   'if [ $(node --version | grep -c \'v[45]\') -eq 1 ]; then node --harmony_sloppy_let --harmony_destructuring --harmony index.js; else node index.js; fi' ]
12 silly lifecycle innsbruck-blog@0.4.3~start: Returned: code: 1  signal: null
13 info lifecycle innsbruck-blog@0.4.3~start: Failed to exec start script
14 verbose stack Error: innsbruck-blog@0.4.3 start: `if [ $(node --version | grep -c 'v[45]') -eq 1 ]; then node --harmony_sloppy_let --harmony_destructuring --harmony index.js; else node index.js; fi`
14 verbose stack Exit status 1
14 verbose stack     at EventEmitter.<anonymous> (/usr/local/lib/node_modules/npm/lib/utils/lifecycle.js:245:16)
14 verbose stack     at emitTwo (events.js:106:13)
14 verbose stack     at EventEmitter.emit (events.js:191:7)
14 verbose stack     at ChildProcess.<anonymous> (/usr/local/lib/node_modules/npm/lib/utils/spawn.js:24:14)
14 verbose stack     at emitTwo (events.js:106:13)
14 verbose stack     at ChildProcess.emit (events.js:191:7)
14 verbose stack     at maybeClose (internal/child_process.js:850:16)
14 verbose stack     at Process.ChildProcess._handle.onexit (internal/child_process.js:215:5)
15 verbose pkgid innsbruck-blog@0.4.3
16 verbose cwd /Users/zhangxinyu/Codes/innsbruck
17 error Darwin 15.5.0
18 error argv "/usr/local/Cellar/node/6.2.0/bin/node" "/usr/local/bin/npm" "start"
19 error node v6.2.0
20 error npm  v3.8.9
21 error code ELIFECYCLE
22 error innsbruck-blog@0.4.3 start: `if [ $(node --version | grep -c 'v[45]') -eq 1 ]; then node --harmony_sloppy_let --harmony_destructuring --harmony index.js; else node index.js; fi`
22 error Exit status 1
23 error Failed at the innsbruck-blog@0.4.3 start script 'if [ $(node --version | grep -c 'v[45]') -eq 1 ]; then node --harmony_sloppy_let --harmony_destructuring --harmony index.js; else node index.js; fi'.
23 error Make sure you have the latest version of node.js and npm installed.
23 error If you do, this is most likely a problem with the innsbruck-blog package,
23 error not with npm itself.
23 error Tell the author that this fails on your system:
23 error     if [ $(node --version | grep -c 'v[45]') -eq 1 ]; then node --harmony_sloppy_let --harmony_destructuring --harmony index.js; else node index.js; fi
23 error You can get information on how to open an issue for this project with:
23 error     npm bugs innsbruck-blog
23 error Or if that isn't available, you can get their info via:
23 error     npm owner ls innsbruck-blog
23 error There is likely additional logging output above.
24 verbose exit [ 1, true ]
